<?xml version="1.0" encoding="UTF-8"?>
<!-- Generated by org.testng.reporters.JUnitXMLReporter -->
<testsuite ignored="0" hostname="PRAKASH-V" failures="0" tests="10" name="TestChrome" time="0.145" errors="0" timestamp="2024-09-14T17:11:33 IST">
  <testcase classname="testNGDemo.ProjectDemo" name="@BeforeTest maxi" time="0.0">
    <failure type="java.lang.NullPointerException" message="Cannot invoke &amp;quot;org.openqa.selenium.WebDriver.manage()&amp;quot; because &amp;quot;this.drive&amp;quot; is null">
      <![CDATA[java.lang.NullPointerException: Cannot invoke "org.openqa.selenium.WebDriver.manage()" because "this.drive" is null
at testNGDemo.ProjectDemo.maxi(ProjectDemo.java:44)
at java.base/java.util.concurrent.FutureTask.run(FutureTask.java:317)
at java.base/java.util.concurrent.ThreadPoolExecutor.runWorker(ThreadPoolExecutor.java:1144)
at java.base/java.util.concurrent.ThreadPoolExecutor$Worker.run(ThreadPoolExecutor.java:642)
at java.base/java.lang.Thread.run(Thread.java:1570)
... Removed 13 stack frames]]>
    </failure>
  </testcase> <!-- @BeforeTest maxi -->
  <testcase classname="testNGDemo.ProjectDemo" name="url" time="0.0">
    <skipped/>
  </testcase> <!-- url -->
  <testcase classname="testNGDemo.ProjectDemo" name="username" time="0.0">
    <skipped/>
  </testcase> <!-- username -->
  <testcase classname="testNGDemo.ProjectDemo" name="password" time="0.0">
    <skipped/>
  </testcase> <!-- password -->
  <testcase classname="testNGDemo.ProjectDemo" name="login" time="0.0">
    <skipped/>
  </testcase> <!-- login -->
  <testcase classname="testNGDemo.ProjectDemo" name="selectproduct" time="0.0">
    <skipped/>
  </testcase> <!-- selectproduct -->
  <testcase classname="testNGDemo.ProjectDemo" name="add" time="0.0">
    <skipped/>
  </testcase> <!-- add -->
  <testcase classname="testNGDemo.ProjectDemo" name="checkout" time="0.0">
    <skipped/>
  </testcase> <!-- checkout -->
  <testcase classname="testNGDemo.ProjectDemo" name="checkoutdetails" time="0.0">
    <skipped/>
  </testcase> <!-- checkoutdetails -->
  <testcase classname="testNGDemo.ProjectDemo" name="finish" time="0.0">
    <skipped/>
  </testcase> <!-- finish -->
  <testcase classname="testNGDemo.ProjectDemo" name="backhome" time="0.0">
    <skipped/>
  </testcase> <!-- backhome -->
</testsuite> <!-- TestChrome -->
